[2025-11-05T04:32:31.314394] [INFO] AppService starting...
[2025-11-05T04:32:31.323357] [INFO] Reading environment variables...
[2025-11-05T04:32:31.326250] [INFO] Initializing repository (Type: JSON, File: data.json)
[2025-11-05T04:32:31.328021] [INFO] Loading data from storage...
[2025-11-05T04:32:31.331918] [INFO] Reload: Reading from data.json...
[2025-11-05T04:32:31.381657] [INFO] Reload: Done. Loaded 2 items.
[2025-11-05T04:32:31.382150] [INFO] Initializing services...
[2025-11-05T04:32:31.382483] [INFO] App is ready.
[2025-11-05T04:32:31.382594] [INFO] --- Session Started ---
[2025-11-05T04:32:44.851377] [INFO] User command: all
[2025-11-05T04:32:44.851943] [INFO] Command: all-json
[2025-11-05T04:32:44.852128] [INFO] Service: getAllData invoked.
[2025-11-05T04:35:11.944910] [INFO] User command: create task title=Apdo
[2025-11-05T04:35:11.947084] [INFO] Service: createNewTask invoked for 'Apdo'
[2025-11-05T04:35:11.951598] [INFO] Cache: Saving entity Task.710b6298-dbb5-4301-935c-5ff1b2d6f05c to memory.
[2025-11-05T04:35:11.951749] [INFO] Service: Task Task.710b6298-dbb5-4301-935c-5ff1b2d6f05c saved to cache.
[2025-11-05T04:35:19.029379] [INFO] User command: all task
[2025-11-05T04:35:19.029771] [INFO] Service: getAllTasks invoked.
[2025-11-05T04:35:19.032176] [INFO] Service: Returning 3 tasks, sorted.
[2025-11-05T04:35:33.482334] [INFO] User command: exit
[2025-11-05T04:35:33.482593] [INFO] Service: Requesting storage commit.
[2025-11-05T04:35:33.482905] [INFO] Commit: Taking data snapshot.
[2025-11-05T04:35:33.483502] [INFO] Commit: Writing 3 items to data.json...
[2025-11-05T04:35:33.487309] [INFO] Commit: Write successful.
